Build started 2/4/2018 9:09:32 PM.
     1>Project "C:\Users\Re Touch Lab\Desktop\SpringDamperDemo\SpringDamperDemo\chai3d-2.0.0\examples\msvc9\01-devices\devices.vcxproj" on node 2 (build target(s)).
     1>InitializeBuildStatus:
         Creating "Debug\01 - devices.unsuccessfulbuild" because "AlwaysCreate" was specified.
       ClCompile:
         C:\Program Files (x86)\Microsoft Visual Studio 10.0\VC\bin\CL.exe /c /I../../../src /I../../../external/OpenGL/msvc /ZI /nologo /W3 /WX- /Od /Oy- /D _WIN32 /D _MSVC /D _VC80_UPGRADE=0x0710 /D _MBCS /Gm /EHsc /RTC1 /MDd /GS /fp:precise /Zc:wchar_t /Zc:forScope /GR /Yc"StdAfx.h" /Fp"Debug\01 - devices.pch" /Fo"Debug\\" /Fd"Debug\vc100.pdb" /Gd /TP /analyze- /errorReport:prompt stdafx.cpp
         stdafx.cpp
         C:\Program Files (x86)\Microsoft Visual Studio 10.0\VC\bin\CL.exe /c /I../../../src /I../../../external/OpenGL/msvc /ZI /nologo /W3 /WX- /Od /Oy- /D _WIN32 /D _MSVC /D _VC80_UPGRADE=0x0710 /D _MBCS /Gm /EHsc /RTC1 /MDd /GS /fp:precise /Zc:wchar_t /Zc:forScope /GR /Fo"Debug\\" /Fd"Debug\vc100.pdb" /Gd /TP /analyze- /errorReport:prompt "src\01-devices.cpp"
         01-devices.cpp
       ManifestResourceCompile:
         C:\Program Files (x86)\Microsoft SDKs\Windows\v7.0A\bin\rc.exe /nologo /fo"Debug\01 - devices.exe.embed.manifest.res" "Debug\01 - devices_manifest.rc" 
     1>C:\Program Files (x86)\MSBuild\Microsoft.Cpp\v4.0\Microsoft.CppBuild.targets(990,5): warning MSB8012: TargetPath(C:\Users\Re Touch Lab\Desktop\SpringDamperDemo\SpringDamperDemo\chai3d-2.0.0\examples\msvc9\01-devices\Debug\01 - devices.exe) does not match the Linker's OutputFile property value (C:\Users\Re Touch Lab\Desktop\SpringDamperDemo\SpringDamperDemo\chai3d-2.0.0\bin\01-devices.exe). This may cause your project to build incorrectly. To correct this, please make sure that $(OutDir), $(TargetName) and $(TargetExt) property values match the value specified in %(Link.OutputFile).
     1>C:\Program Files (x86)\MSBuild\Microsoft.Cpp\v4.0\Microsoft.CppBuild.targets(992,5): warning MSB8012: TargetName(01 - devices) does not match the Linker's OutputFile property value (01-devices). This may cause your project to build incorrectly. To correct this, please make sure that $(OutDir), $(TargetName) and $(TargetExt) property values match the value specified in %(Link.OutputFile).
       Link:
         C:\Program Files (x86)\Microsoft Visual Studio 10.0\VC\bin\link.exe /ERRORREPORT:PROMPT /OUT:"../../../bin/01-devices.exe" /INCREMENTAL /NOLOGO /LIBPATH:../../../lib/msvc9 /LIBPATH:../../../external/OpenGL/msvc winmm.lib opengl32.lib "chai3d-debug.lib" glu32.lib odbc32.lib odbccp32.lib kernel32.lib user32.lib gdi32.lib winspool.lib comdlg32.lib advapi32.lib shell32.lib ole32.lib oleaut32.lib uuid.lib odbc32.lib odbccp32.lib /MANIFEST /ManifestFile:"Debug\01 - devices.exe.intermediate.manifest" /MANIFESTUAC:"level='asInvoker' uiAccess='false'" /DEBUG /PDB:"Debug\devices.pdb" /SUBSYSTEM:CONSOLE /TLBID:1 /DYNAMICBASE:NO /IMPLIB:"Debug\01 - devices.lib" /MACHINE:X86 "Debug\01 - devices.exe.embed.manifest.res"
         "Debug\01-devices.obj"
         Debug\stdafx.obj
     1>01-devices.obj : warning LNK4075: ignoring '/EDITANDCONTINUE' due to '/INCREMENTAL:NO' specification
     1>LINK : fatal error LNK1123: failure during conversion to COFF: file invalid or corrupt
     1>Done Building Project "C:\Users\Re Touch Lab\Desktop\SpringDamperDemo\SpringDamperDemo\chai3d-2.0.0\examples\msvc9\01-devices\devices.vcxproj" (build target(s)) -- FAILED.

Build FAILED.

Time Elapsed 00:00:02.06
